<?xml version="1.0" encoding="UTF-8"?>
<!-- Generated by org.testng.reporters.JUnitReportReporter -->
<testsuite hostname="DESKTOP-OFCP5J4" failures="0" tests="1" name="TestSuite.TestLogin" time="12.796" errors="0" timestamp="2022-04-26T23:41:36 IST" skipped="0">
  <testcase classname="TestSuite.TestLogin" name="LoginTest" time="12.796"/>
  <system-out/>
</testsuite> <!-- TestSuite.TestLogin -->
