<?xml version="1.0" encoding="UTF-8"?>
<!-- Generated by org.testng.reporters.JUnitReportReporter -->
<testsuite hostname="DESKTOP-OFCP5J4" failures="0" tests="1" name="TestSuite.TestAdminPage" time="15.794" errors="0" timestamp="2024-04-07T17:54:03 IST" skipped="0">
  <testcase classname="TestSuite.TestAdminPage" name="Login" time="15.794"/>
  <system-out/>
</testsuite> <!-- TestSuite.TestAdminPage -->
